<?xml version="1.0" encoding="UTF-8"?>
<!-- Generated by org.testng.reporters.JUnitXMLReporter -->
<testsuite ignored="1" hostname="Pavan" failures="0" tests="2" name="Test" time="16.727" errors="0" timestamp="2025-05-03T21:02:28 IST">
  <testcase classname="com.ecom.testcases.TC001_TestAccountRegistration" name="verify_Acct_Registration" time="2.469"/>
  <testcase classname="com.ecom.testcases.TC002_TestLogin" name="verifyLogin" time="1.81"/>
  <testcase classname="com.ecom.testcases.TC003_DDLoginTest" name="verifyLogin" time="0.0">
    <ignored/>
  </testcase> <!-- verifyLogin -->
</testsuite> <!-- Test -->
