<?xml version="1.0" encoding="UTF-8"?>
<testng-results ignored="0" total="2" passed="2" failed="0" skipped="0">
  <reporter-output>
  </reporter-output>
  <suite started-at="2025-03-31T14:21:03 IST" name="Suite" finished-at="2025-03-31T14:21:15 IST" duration-ms="12020">
    <groups>
      <group name="Master">
        <method signature="TC001_TestAccountRegistration.verify_Acct_Registration()[pri:0, instance:com.ecom.testcases.TC001_TestAccountRegistration@44e3a2b2]" name="verify_Acct_Registration" class="com.ecom.testcases.TC001_TestAccountRegistration"/>
        <method signature="TC002_TestLogin.verifyLogin()[pri:0, instance:com.ecom.testcases.TC002_TestLogin@18bc345]" name="verifyLogin" class="com.ecom.testcases.TC002_TestLogin"/>
      </group> <!-- Master -->
      <group name="Sanity">
        <method signature="TC001_TestAccountRegistration.verify_Acct_Registration()[pri:0, instance:com.ecom.testcases.TC001_TestAccountRegistration@44e3a2b2]" name="verify_Acct_Registration" class="com.ecom.testcases.TC001_TestAccountRegistration"/>
        <method signature="TC002_TestLogin.verifyLogin()[pri:0, instance:com.ecom.testcases.TC002_TestLogin@18bc345]" name="verifyLogin" class="com.ecom.testcases.TC002_TestLogin"/>
      </group> <!-- Sanity -->
      <group name="Regression">
        <method signature="TC002_TestLogin.verifyLogin()[pri:0, instance:com.ecom.testcases.TC002_TestLogin@18bc345]" name="verifyLogin" class="com.ecom.testcases.TC002_TestLogin"/>
      </group> <!-- Regression -->
    </groups>
    <test started-at="2025-03-31T14:21:03 IST" name="Test" finished-at="2025-03-31T14:21:15 IST" duration-ms="12020">
      <class name="com.ecom.testcases.TC001_TestAccountRegistration">
        <test-method is-config="true" signature="setUp(java.lang.String,java.lang.String)[pri:0, instance:com.ecom.testcases.TC001_TestAccountRegistration@44e3a2b2]" started-at="2025-03-31T14:21:03 IST" name="setUp" finished-at="2025-03-31T14:21:06 IST" duration-ms="2816" status="PASS">
          <params>
            <param index="0">
              <value>
                <![CDATA[Windows]]>
              </value>
            </param>
            <param index="1">
              <value>
                <![CDATA[edge]]>
              </value>
            </param>
          </params>
          <reporter-output>
          </reporter-output>
        </test-method> <!-- setUp -->
        <test-method signature="verify_Acct_Registration()[pri:0, instance:com.ecom.testcases.TC001_TestAccountRegistration@44e3a2b2]" started-at="2025-03-31T14:21:06 IST" name="verify_Acct_Registration" finished-at="2025-03-31T14:21:08 IST" duration-ms="2229" status="PASS">
          <reporter-output>
          </reporter-output>
        </test-method> <!-- verify_Acct_Registration -->
        <test-method is-config="true" signature="tearDown()[pri:0, instance:com.ecom.testcases.TC001_TestAccountRegistration@44e3a2b2]" started-at="2025-03-31T14:21:08 IST" name="tearDown" finished-at="2025-03-31T14:21:10 IST" duration-ms="1354" status="PASS">
          <reporter-output>
          </reporter-output>
        </test-method> <!-- tearDown -->
      </class> <!-- com.ecom.testcases.TC001_TestAccountRegistration -->
      <class name="com.ecom.testcases.TC002_TestLogin">
        <test-method is-config="true" signature="setUp(java.lang.String,java.lang.String)[pri:0, instance:com.ecom.testcases.TC002_TestLogin@18bc345]" started-at="2025-03-31T14:21:10 IST" name="setUp" finished-at="2025-03-31T14:21:12 IST" duration-ms="2060" status="PASS">
          <params>
            <param index="0">
              <value>
                <![CDATA[Windows]]>
              </value>
            </param>
            <param index="1">
              <value>
                <![CDATA[edge]]>
              </value>
            </param>
          </params>
          <reporter-output>
          </reporter-output>
        </test-method> <!-- setUp -->
        <test-method signature="verifyLogin()[pri:0, instance:com.ecom.testcases.TC002_TestLogin@18bc345]" started-at="2025-03-31T14:21:12 IST" name="verifyLogin" finished-at="2025-03-31T14:21:14 IST" duration-ms="1962" status="PASS">
          <reporter-output>
          </reporter-output>
        </test-method> <!-- verifyLogin -->
        <test-method is-config="true" signature="tearDown()[pri:0, instance:com.ecom.testcases.TC002_TestLogin@18bc345]" started-at="2025-03-31T14:21:14 IST" name="tearDown" finished-at="2025-03-31T14:21:15 IST" duration-ms="1359" status="PASS">
          <reporter-output>
          </reporter-output>
        </test-method> <!-- tearDown -->
      </class> <!-- com.ecom.testcases.TC002_TestLogin -->
    </test> <!-- Test -->
  </suite> <!-- Suite -->
</testng-results>
