<?xml version="1.0" encoding="UTF-8"?>
<testng-results ignored="0" total="2" passed="2" failed="0" skipped="0">
  <reporter-output>
  </reporter-output>
  <suite started-at="2025-04-24T23:07:44 IST" name="Suite" finished-at="2025-04-24T23:07:58 IST" duration-ms="14751">
    <groups>
      <group name="Master">
        <method signature="TC001_TestAccountRegistration.verify_Acct_Registration()[pri:0, instance:com.ecom.testcases.TC001_TestAccountRegistration@1d730606]" name="verify_Acct_Registration" class="com.ecom.testcases.TC001_TestAccountRegistration"/>
        <method signature="TC002_TestLogin.verifyLogin()[pri:0, instance:com.ecom.testcases.TC002_TestLogin@6c45ee6e]" name="verifyLogin" class="com.ecom.testcases.TC002_TestLogin"/>
      </group> <!-- Master -->
      <group name="Sanity">
        <method signature="TC001_TestAccountRegistration.verify_Acct_Registration()[pri:0, instance:com.ecom.testcases.TC001_TestAccountRegistration@1d730606]" name="verify_Acct_Registration" class="com.ecom.testcases.TC001_TestAccountRegistration"/>
        <method signature="TC002_TestLogin.verifyLogin()[pri:0, instance:com.ecom.testcases.TC002_TestLogin@6c45ee6e]" name="verifyLogin" class="com.ecom.testcases.TC002_TestLogin"/>
      </group> <!-- Sanity -->
      <group name="Regression">
        <method signature="TC002_TestLogin.verifyLogin()[pri:0, instance:com.ecom.testcases.TC002_TestLogin@6c45ee6e]" name="verifyLogin" class="com.ecom.testcases.TC002_TestLogin"/>
      </group> <!-- Regression -->
    </groups>
    <test started-at="2025-04-24T23:07:44 IST" name="Test" finished-at="2025-04-24T23:07:58 IST" duration-ms="14751">
      <class name="com.ecom.testcases.TC001_TestAccountRegistration">
        <test-method is-config="true" signature="setUp(java.lang.String,java.lang.String)[pri:0, instance:com.ecom.testcases.TC001_TestAccountRegistration@1d730606]" started-at="2025-04-24T23:07:44 IST" name="setUp" finished-at="2025-04-24T23:07:49 IST" duration-ms="5566" status="PASS">
          <params>
            <param index="0">
              <value>
                <![CDATA[Windows]]>
              </value>
            </param>
            <param index="1">
              <value>
                <![CDATA[edge]]>
              </value>
            </param>
          </params>
          <reporter-output>
          </reporter-output>
        </test-method> <!-- setUp -->
        <test-method signature="verify_Acct_Registration()[pri:0, instance:com.ecom.testcases.TC001_TestAccountRegistration@1d730606]" started-at="2025-04-24T23:07:49 IST" name="verify_Acct_Registration" finished-at="2025-04-24T23:07:52 IST" duration-ms="2755" status="PASS">
          <reporter-output>
          </reporter-output>
        </test-method> <!-- verify_Acct_Registration -->
        <test-method is-config="true" signature="tearDown()[pri:0, instance:com.ecom.testcases.TC001_TestAccountRegistration@1d730606]" started-at="2025-04-24T23:07:52 IST" name="tearDown" finished-at="2025-04-24T23:07:53 IST" duration-ms="522" status="PASS">
          <reporter-output>
          </reporter-output>
        </test-method> <!-- tearDown -->
      </class> <!-- com.ecom.testcases.TC001_TestAccountRegistration -->
      <class name="com.ecom.testcases.TC002_TestLogin">
        <test-method is-config="true" signature="setUp(java.lang.String,java.lang.String)[pri:0, instance:com.ecom.testcases.TC002_TestLogin@6c45ee6e]" started-at="2025-04-24T23:07:53 IST" name="setUp" finished-at="2025-04-24T23:07:55 IST" duration-ms="2257" status="PASS">
          <params>
            <param index="0">
              <value>
                <![CDATA[Windows]]>
              </value>
            </param>
            <param index="1">
              <value>
                <![CDATA[edge]]>
              </value>
            </param>
          </params>
          <reporter-output>
          </reporter-output>
        </test-method> <!-- setUp -->
        <test-method signature="verifyLogin()[pri:0, instance:com.ecom.testcases.TC002_TestLogin@6c45ee6e]" started-at="2025-04-24T23:07:55 IST" name="verifyLogin" finished-at="2025-04-24T23:07:57 IST" duration-ms="1952" status="PASS">
          <reporter-output>
          </reporter-output>
        </test-method> <!-- verifyLogin -->
        <test-method is-config="true" signature="tearDown()[pri:0, instance:com.ecom.testcases.TC002_TestLogin@6c45ee6e]" started-at="2025-04-24T23:07:57 IST" name="tearDown" finished-at="2025-04-24T23:07:58 IST" duration-ms="1361" status="PASS">
          <reporter-output>
          </reporter-output>
        </test-method> <!-- tearDown -->
      </class> <!-- com.ecom.testcases.TC002_TestLogin -->
    </test> <!-- Test -->
  </suite> <!-- Suite -->
</testng-results>
